<?xml version="1.0" encoding="UTF-8"?>
<testsuite xmlns:xsi="http://www.w3.org/2001/XMLSchema-instance" xsi:noNamespaceSchemaLocation="https://maven.apache.org/surefire/maven-surefire-plugin/xsd/surefire-test-report-3.0.xsd" version="3.0" name="com.Atividade.InovaEmpresa.InovaEmpresaApplicationTests" time="5.971" tests="1" errors="0" skipped="0" failures="0">
  <properties>
    <property name="java.specification.version" value="17"/>
    <property name="sun.cpu.isalist" value="amd64"/>
    <property name="sun.jnu.encoding" value="Cp1252"/>
    <property name="java.class.path" value="C:\Users\jtosc\OneDrive\Documentos\Faculdade\4º Período\InovaEmpresa\target\test-classes;C:\Users\jtosc\OneDrive\Documentos\Faculdade\4º Período\InovaEmpresa\target\classes;C:\Users\jtosc\.m2\repository\org\springframework\boot\spring-boot-starter-web\3.3.3\spring-boot-starter-web-3.3.3.jar;C:\Users\jtosc\.m2\repository\org\springframework\boot\spring-boot-starter\3.3.3\spring-boot-starter-3.3.3.jar;C:\Users\jtosc\.m2\repository\org\springframework\boot\spring-boot\3.3.3\spring-boot-3.3.3.jar;C:\Users\jtosc\.m2\repository\org\springframework\boot\spring-boot-autoconfigure\3.3.3\spring-boot-autoconfigure-3.3.3.jar;C:\Users\jtosc\.m2\repository\org\springframework\boot\spring-boot-starter-logging\3.3.3\spring-boot-starter-logging-3.3.3.jar;C:\Users\jtosc\.m2\repository\ch\qos\logback\logback-classic\1.5.7\logback-classic-1.5.7.jar;C:\Users\jtosc\.m2\repository\ch\qos\logback\logback-core\1.5.7\logback-core-1.5.7.jar;C:\Users\jtosc\.m2\repository\org\apache\logging\log4j\log4j-to-slf4j\2.23.1\log4j-to-slf4j-2.23.1.jar;C:\Users\jtosc\.m2\repository\org\apache\logging\log4j\log4j-api\2.23.1\log4j-api-2.23.1.jar;C:\Users\jtosc\.m2\repository\org\slf4j\jul-to-slf4j\2.0.16\jul-to-slf4j-2.0.16.jar;C:\Users\jtosc\.m2\repository\jakarta\annotation\jakarta.annotation-api\2.1.1\jakarta.annotation-api-2.1.1.jar;C:\Users\jtosc\.m2\repository\org\yaml\snakeyaml\2.2\snakeyaml-2.2.jar;C:\Users\jtosc\.m2\repository\org\springframework\boot\spring-boot-starter-json\3.3.3\spring-boot-starter-json-3.3.3.jar;C:\Users\jtosc\.m2\repository\com\fasterxml\jackson\core\jackson-databind\2.17.2\jackson-databind-2.17.2.jar;C:\Users\jtosc\.m2\repository\com\fasterxml\jackson\core\jackson-annotations\2.17.2\jackson-annotations-2.17.2.jar;C:\Users\jtosc\.m2\repository\com\fasterxml\jackson\core\jackson-core\2.17.2\jackson-core-2.17.2.jar;C:\Users\jtosc\.m2\repository\com\fasterxml\jackson\datatype\jackson-datatype-jdk8\2.17.2\jackson-datatype-jdk8-2.17.2.jar;C:\Users\jtosc\.m2\repository\com\fasterxml\jackson\datatype\jackson-datatype-jsr310\2.17.2\jackson-datatype-jsr310-2.17.2.jar;C:\Users\jtosc\.m2\repository\com\fasterxml\jackson\module\jackson-module-parameter-names\2.17.2\jackson-module-parameter-names-2.17.2.jar;C:\Users\jtosc\.m2\repository\org\springframework\boot\spring-boot-starter-tomcat\3.3.3\spring-boot-starter-tomcat-3.3.3.jar;C:\Users\jtosc\.m2\repository\org\apache\tomcat\embed\tomcat-embed-core\10.1.28\tomcat-embed-core-10.1.28.jar;C:\Users\jtosc\.m2\repository\org\apache\tomcat\embed\tomcat-embed-websocket\10.1.28\tomcat-embed-websocket-10.1.28.jar;C:\Users\jtosc\.m2\repository\org\springframework\spring-web\6.1.12\spring-web-6.1.12.jar;C:\Users\jtosc\.m2\repository\org\springframework\spring-beans\6.1.12\spring-beans-6.1.12.jar;C:\Users\jtosc\.m2\repository\io\micrometer\micrometer-observation\1.13.3\micrometer-observation-1.13.3.jar;C:\Users\jtosc\.m2\repository\io\micrometer\micrometer-commons\1.13.3\micrometer-commons-1.13.3.jar;C:\Users\jtosc\.m2\repository\org\springframework\spring-webmvc\6.1.12\spring-webmvc-6.1.12.jar;C:\Users\jtosc\.m2\repository\org\springframework\spring-aop\6.1.12\spring-aop-6.1.12.jar;C:\Users\jtosc\.m2\repository\org\springframework\spring-context\6.1.12\spring-context-6.1.12.jar;C:\Users\jtosc\.m2\repository\org\springframework\spring-expression\6.1.12\spring-expression-6.1.12.jar;C:\Users\jtosc\.m2\repository\org\projectlombok\lombok\1.18.34\lombok-1.18.34.jar;C:\Users\jtosc\.m2\repository\org\springframework\boot\spring-boot-starter-validation\3.3.2\spring-boot-starter-validation-3.3.2.jar;C:\Users\jtosc\.m2\repository\org\apache\tomcat\embed\tomcat-embed-el\10.1.28\tomcat-embed-el-10.1.28.jar;C:\Users\jtosc\.m2\repository\org\hibernate\validator\hibernate-validator\8.0.1.Final\hibernate-validator-8.0.1.Final.jar;C:\Users\jtosc\.m2\repository\jakarta\validation\jakarta.validation-api\3.0.2\jakarta.validation-api-3.0.2.jar;C:\Users\jtosc\.m2\repository\org\jboss\logging\jboss-logging\3.5.3.Final\jboss-logging-3.5.3.Final.jar;C:\Users\jtosc\.m2\repository\com\fasterxml\classmate\1.7.0\classmate-1.7.0.jar;C:\Users\jtosc\.m2\repository\org\springframework\boot\spring-boot-starter-data-jpa\3.3.3\spring-boot-starter-data-jpa-3.3.3.jar;C:\Users\jtosc\.m2\repository\org\springframework\boot\spring-boot-starter-aop\3.3.3\spring-boot-starter-aop-3.3.3.jar;C:\Users\jtosc\.m2\repository\org\aspectj\aspectjweaver\1.9.22.1\aspectjweaver-1.9.22.1.jar;C:\Users\jtosc\.m2\repository\org\springframework\boot\spring-boot-starter-jdbc\3.3.3\spring-boot-starter-jdbc-3.3.3.jar;C:\Users\jtosc\.m2\repository\com\zaxxer\HikariCP\5.1.0\HikariCP-5.1.0.jar;C:\Users\jtosc\.m2\repository\org\springframework\spring-jdbc\6.1.12\spring-jdbc-6.1.12.jar;C:\Users\jtosc\.m2\repository\org\hibernate\orm\hibernate-core\6.5.2.Final\hibernate-core-6.5.2.Final.jar;C:\Users\jtosc\.m2\repository\jakarta\persistence\jakarta.persistence-api\3.1.0\jakarta.persistence-api-3.1.0.jar;C:\Users\jtosc\.m2\repository\jakarta\transaction\jakarta.transaction-api\2.0.1\jakarta.transaction-api-2.0.1.jar;C:\Users\jtosc\.m2\repository\org\hibernate\common\hibernate-commons-annotations\6.0.6.Final\hibernate-commons-annotations-6.0.6.Final.jar;C:\Users\jtosc\.m2\repository\io\smallrye\jandex\3.1.2\jandex-3.1.2.jar;C:\Users\jtosc\.m2\repository\net\bytebuddy\byte-buddy\1.14.19\byte-buddy-1.14.19.jar;C:\Users\jtosc\.m2\repository\org\glassfish\jaxb\jaxb-runtime\4.0.5\jaxb-runtime-4.0.5.jar;C:\Users\jtosc\.m2\repository\org\glassfish\jaxb\jaxb-core\4.0.5\jaxb-core-4.0.5.jar;C:\Users\jtosc\.m2\repository\org\eclipse\angus\angus-activation\2.0.2\angus-activation-2.0.2.jar;C:\Users\jtosc\.m2\repository\org\glassfish\jaxb\txw2\4.0.5\txw2-4.0.5.jar;C:\Users\jtosc\.m2\repository\com\sun\istack\istack-commons-runtime\4.1.2\istack-commons-runtime-4.1.2.jar;C:\Users\jtosc\.m2\repository\jakarta\inject\jakarta.inject-api\2.0.1\jakarta.inject-api-2.0.1.jar;C:\Users\jtosc\.m2\repository\org\antlr\antlr4-runtime\4.13.0\antlr4-runtime-4.13.0.jar;C:\Users\jtosc\.m2\repository\org\springframework\data\spring-data-jpa\3.3.3\spring-data-jpa-3.3.3.jar;C:\Users\jtosc\.m2\repository\org\springframework\data\spring-data-commons\3.3.3\spring-data-commons-3.3.3.jar;C:\Users\jtosc\.m2\repository\org\springframework\spring-orm\6.1.12\spring-orm-6.1.12.jar;C:\Users\jtosc\.m2\repository\org\springframework\spring-tx\6.1.12\spring-tx-6.1.12.jar;C:\Users\jtosc\.m2\repository\org\slf4j\slf4j-api\2.0.16\slf4j-api-2.0.16.jar;C:\Users\jtosc\.m2\repository\org\springframework\spring-aspects\6.1.12\spring-aspects-6.1.12.jar;C:\Users\jtosc\.m2\repository\org\postgresql\postgresql\42.7.2\postgresql-42.7.2.jar;C:\Users\jtosc\.m2\repository\org\checkerframework\checker-qual\3.42.0\checker-qual-3.42.0.jar;C:\Users\jtosc\.m2\repository\org\springframework\boot\spring-boot-starter-test\3.3.3\spring-boot-starter-test-3.3.3.jar;C:\Users\jtosc\.m2\repository\org\springframework\boot\spring-boot-test\3.3.3\spring-boot-test-3.3.3.jar;C:\Users\jtosc\.m2\repository\org\springframework\boot\spring-boot-test-autoconfigure\3.3.3\spring-boot-test-autoconfigure-3.3.3.jar;C:\Users\jtosc\.m2\repository\com\jayway\jsonpath\json-path\2.9.0\json-path-2.9.0.jar;C:\Users\jtosc\.m2\repository\jakarta\xml\bind\jakarta.xml.bind-api\4.0.2\jakarta.xml.bind-api-4.0.2.jar;C:\Users\jtosc\.m2\repository\jakarta\activation\jakarta.activation-api\2.1.3\jakarta.activation-api-2.1.3.jar;C:\Users\jtosc\.m2\repository\net\minidev\json-smart\2.5.1\json-smart-2.5.1.jar;C:\Users\jtosc\.m2\repository\net\minidev\accessors-smart\2.5.1\accessors-smart-2.5.1.jar;C:\Users\jtosc\.m2\repository\org\ow2\asm\asm\9.6\asm-9.6.jar;C:\Users\jtosc\.m2\repository\org\assertj\assertj-core\3.25.3\assertj-core-3.25.3.jar;C:\Users\jtosc\.m2\repository\org\awaitility\awaitility\4.2.2\awaitility-4.2.2.jar;C:\Users\jtosc\.m2\repository\org\hamcrest\hamcrest\2.2\hamcrest-2.2.jar;C:\Users\jtosc\.m2\repository\org\junit\jupiter\junit-jupiter\5.10.3\junit-jupiter-5.10.3.jar;C:\Users\jtosc\.m2\repository\org\junit\jupiter\junit-jupiter-api\5.10.3\junit-jupiter-api-5.10.3.jar;C:\Users\jtosc\.m2\repository\org\opentest4j\opentest4j\1.3.0\opentest4j-1.3.0.jar;C:\Users\jtosc\.m2\repository\org\junit\platform\junit-platform-commons\1.10.3\junit-platform-commons-1.10.3.jar;C:\Users\jtosc\.m2\repository\org\apiguardian\apiguardian-api\1.1.2\apiguardian-api-1.1.2.jar;C:\Users\jtosc\.m2\repository\org\junit\jupiter\junit-jupiter-params\5.10.3\junit-jupiter-params-5.10.3.jar;C:\Users\jtosc\.m2\repository\org\junit\jupiter\junit-jupiter-engine\5.10.3\junit-jupiter-engine-5.10.3.jar;C:\Users\jtosc\.m2\repository\org\junit\platform\junit-platform-engine\1.10.3\junit-platform-engine-1.10.3.jar;C:\Users\jtosc\.m2\repository\org\mockito\mockito-core\5.11.0\mockito-core-5.11.0.jar;C:\Users\jtosc\.m2\repository\net\bytebuddy\byte-buddy-agent\1.14.19\byte-buddy-agent-1.14.19.jar;C:\Users\jtosc\.m2\repository\org\objenesis\objenesis\3.3\objenesis-3.3.jar;C:\Users\jtosc\.m2\repository\org\mockito\mockito-junit-jupiter\5.11.0\mockito-junit-jupiter-5.11.0.jar;C:\Users\jtosc\.m2\repository\org\skyscreamer\jsonassert\1.5.3\jsonassert-1.5.3.jar;C:\Users\jtosc\.m2\repository\com\vaadin\external\google\android-json\0.0.20131108.vaadin1\android-json-0.0.20131108.vaadin1.jar;C:\Users\jtosc\.m2\repository\org\springframework\spring-core\6.1.12\spring-core-6.1.12.jar;C:\Users\jtosc\.m2\repository\org\springframework\spring-jcl\6.1.12\spring-jcl-6.1.12.jar;C:\Users\jtosc\.m2\repository\org\springframework\spring-test\6.1.12\spring-test-6.1.12.jar;C:\Users\jtosc\.m2\repository\org\xmlunit\xmlunit-core\2.9.1\xmlunit-core-2.9.1.jar;"/>
    <property name="java.vm.vendor" value="Oracle Corporation"/>
    <property name="sun.arch.data.model" value="64"/>
    <property name="user.variant" value=""/>
    <property name="java.vendor.url" value="https://java.oracle.com/"/>
    <property name="user.timezone" value="America/Sao_Paulo"/>
    <property name="org.jboss.logging.provider" value="slf4j"/>
    <property name="os.name" value="Windows 10"/>
    <property name="java.vm.specification.version" value="17"/>
    <property name="sun.java.launcher" value="SUN_STANDARD"/>
    <property name="user.country" value="BR"/>
    <property name="sun.boot.library.path" value="C:\Program Files\Java\jdk-17\bin"/>
    <property name="sun.java.command" value="C:\Users\jtosc\AppData\Local\Temp\surefire12617217898954625518\surefirebooter-20240915233702394_3.jar C:\Users\jtosc\AppData\Local\Temp\surefire12617217898954625518 2024-09-15T23-37-02_238-jvmRun1 surefire-20240915233702394_1tmp surefire_0-20240915233702394_2tmp"/>
    <property name="jdk.debug" value="release"/>
    <property name="surefire.test.class.path" value="C:\Users\jtosc\OneDrive\Documentos\Faculdade\4º Período\InovaEmpresa\target\test-classes;C:\Users\jtosc\OneDrive\Documentos\Faculdade\4º Período\InovaEmpresa\target\classes;C:\Users\jtosc\.m2\repository\org\springframework\boot\spring-boot-starter-web\3.3.3\spring-boot-starter-web-3.3.3.jar;C:\Users\jtosc\.m2\repository\org\springframework\boot\spring-boot-starter\3.3.3\spring-boot-starter-3.3.3.jar;C:\Users\jtosc\.m2\repository\org\springframework\boot\spring-boot\3.3.3\spring-boot-3.3.3.jar;C:\Users\jtosc\.m2\repository\org\springframework\boot\spring-boot-autoconfigure\3.3.3\spring-boot-autoconfigure-3.3.3.jar;C:\Users\jtosc\.m2\repository\org\springframework\boot\spring-boot-starter-logging\3.3.3\spring-boot-starter-logging-3.3.3.jar;C:\Users\jtosc\.m2\repository\ch\qos\logback\logback-classic\1.5.7\logback-classic-1.5.7.jar;C:\Users\jtosc\.m2\repository\ch\qos\logback\logback-core\1.5.7\logback-core-1.5.7.jar;C:\Users\jtosc\.m2\repository\org\apache\logging\log4j\log4j-to-slf4j\2.23.1\log4j-to-slf4j-2.23.1.jar;C:\Users\jtosc\.m2\repository\org\apache\logging\log4j\log4j-api\2.23.1\log4j-api-2.23.1.jar;C:\Users\jtosc\.m2\repository\org\slf4j\jul-to-slf4j\2.0.16\jul-to-slf4j-2.0.16.jar;C:\Users\jtosc\.m2\repository\jakarta\annotation\jakarta.annotation-api\2.1.1\jakarta.annotation-api-2.1.1.jar;C:\Users\jtosc\.m2\repository\org\yaml\snakeyaml\2.2\snakeyaml-2.2.jar;C:\Users\jtosc\.m2\repository\org\springframework\boot\spring-boot-starter-json\3.3.3\spring-boot-starter-json-3.3.3.jar;C:\Users\jtosc\.m2\repository\com\fasterxml\jackson\core\jackson-databind\2.17.2\jackson-databind-2.17.2.jar;C:\Users\jtosc\.m2\repository\com\fasterxml\jackson\core\jackson-annotations\2.17.2\jackson-annotations-2.17.2.jar;C:\Users\jtosc\.m2\repository\com\fasterxml\jackson\core\jackson-core\2.17.2\jackson-core-2.17.2.jar;C:\Users\jtosc\.m2\repository\com\fasterxml\jackson\datatype\jackson-datatype-jdk8\2.17.2\jackson-datatype-jdk8-2.17.2.jar;C:\Users\jtosc\.m2\repository\com\fasterxml\jackson\datatype\jackson-datatype-jsr310\2.17.2\jackson-datatype-jsr310-2.17.2.jar;C:\Users\jtosc\.m2\repository\com\fasterxml\jackson\module\jackson-module-parameter-names\2.17.2\jackson-module-parameter-names-2.17.2.jar;C:\Users\jtosc\.m2\repository\org\springframework\boot\spring-boot-starter-tomcat\3.3.3\spring-boot-starter-tomcat-3.3.3.jar;C:\Users\jtosc\.m2\repository\org\apache\tomcat\embed\tomcat-embed-core\10.1.28\tomcat-embed-core-10.1.28.jar;C:\Users\jtosc\.m2\repository\org\apache\tomcat\embed\tomcat-embed-websocket\10.1.28\tomcat-embed-websocket-10.1.28.jar;C:\Users\jtosc\.m2\repository\org\springframework\spring-web\6.1.12\spring-web-6.1.12.jar;C:\Users\jtosc\.m2\repository\org\springframework\spring-beans\6.1.12\spring-beans-6.1.12.jar;C:\Users\jtosc\.m2\repository\io\micrometer\micrometer-observation\1.13.3\micrometer-observation-1.13.3.jar;C:\Users\jtosc\.m2\repository\io\micrometer\micrometer-commons\1.13.3\micrometer-commons-1.13.3.jar;C:\Users\jtosc\.m2\repository\org\springframework\spring-webmvc\6.1.12\spring-webmvc-6.1.12.jar;C:\Users\jtosc\.m2\repository\org\springframework\spring-aop\6.1.12\spring-aop-6.1.12.jar;C:\Users\jtosc\.m2\repository\org\springframework\spring-context\6.1.12\spring-context-6.1.12.jar;C:\Users\jtosc\.m2\repository\org\springframework\spring-expression\6.1.12\spring-expression-6.1.12.jar;C:\Users\jtosc\.m2\repository\org\projectlombok\lombok\1.18.34\lombok-1.18.34.jar;C:\Users\jtosc\.m2\repository\org\springframework\boot\spring-boot-starter-validation\3.3.2\spring-boot-starter-validation-3.3.2.jar;C:\Users\jtosc\.m2\repository\org\apache\tomcat\embed\tomcat-embed-el\10.1.28\tomcat-embed-el-10.1.28.jar;C:\Users\jtosc\.m2\repository\org\hibernate\validator\hibernate-validator\8.0.1.Final\hibernate-validator-8.0.1.Final.jar;C:\Users\jtosc\.m2\repository\jakarta\validation\jakarta.validation-api\3.0.2\jakarta.validation-api-3.0.2.jar;C:\Users\jtosc\.m2\repository\org\jboss\logging\jboss-logging\3.5.3.Final\jboss-logging-3.5.3.Final.jar;C:\Users\jtosc\.m2\repository\com\fasterxml\classmate\1.7.0\classmate-1.7.0.jar;C:\Users\jtosc\.m2\repository\org\springframework\boot\spring-boot-starter-data-jpa\3.3.3\spring-boot-starter-data-jpa-3.3.3.jar;C:\Users\jtosc\.m2\repository\org\springframework\boot\spring-boot-starter-aop\3.3.3\spring-boot-starter-aop-3.3.3.jar;C:\Users\jtosc\.m2\repository\org\aspectj\aspectjweaver\1.9.22.1\aspectjweaver-1.9.22.1.jar;C:\Users\jtosc\.m2\repository\org\springframework\boot\spring-boot-starter-jdbc\3.3.3\spring-boot-starter-jdbc-3.3.3.jar;C:\Users\jtosc\.m2\repository\com\zaxxer\HikariCP\5.1.0\HikariCP-5.1.0.jar;C:\Users\jtosc\.m2\repository\org\springframework\spring-jdbc\6.1.12\spring-jdbc-6.1.12.jar;C:\Users\jtosc\.m2\repository\org\hibernate\orm\hibernate-core\6.5.2.Final\hibernate-core-6.5.2.Final.jar;C:\Users\jtosc\.m2\repository\jakarta\persistence\jakarta.persistence-api\3.1.0\jakarta.persistence-api-3.1.0.jar;C:\Users\jtosc\.m2\repository\jakarta\transaction\jakarta.transaction-api\2.0.1\jakarta.transaction-api-2.0.1.jar;C:\Users\jtosc\.m2\repository\org\hibernate\common\hibernate-commons-annotations\6.0.6.Final\hibernate-commons-annotations-6.0.6.Final.jar;C:\Users\jtosc\.m2\repository\io\smallrye\jandex\3.1.2\jandex-3.1.2.jar;C:\Users\jtosc\.m2\repository\net\bytebuddy\byte-buddy\1.14.19\byte-buddy-1.14.19.jar;C:\Users\jtosc\.m2\repository\org\glassfish\jaxb\jaxb-runtime\4.0.5\jaxb-runtime-4.0.5.jar;C:\Users\jtosc\.m2\repository\org\glassfish\jaxb\jaxb-core\4.0.5\jaxb-core-4.0.5.jar;C:\Users\jtosc\.m2\repository\org\eclipse\angus\angus-activation\2.0.2\angus-activation-2.0.2.jar;C:\Users\jtosc\.m2\repository\org\glassfish\jaxb\txw2\4.0.5\txw2-4.0.5.jar;C:\Users\jtosc\.m2\repository\com\sun\istack\istack-commons-runtime\4.1.2\istack-commons-runtime-4.1.2.jar;C:\Users\jtosc\.m2\repository\jakarta\inject\jakarta.inject-api\2.0.1\jakarta.inject-api-2.0.1.jar;C:\Users\jtosc\.m2\repository\org\antlr\antlr4-runtime\4.13.0\antlr4-runtime-4.13.0.jar;C:\Users\jtosc\.m2\repository\org\springframework\data\spring-data-jpa\3.3.3\spring-data-jpa-3.3.3.jar;C:\Users\jtosc\.m2\repository\org\springframework\data\spring-data-commons\3.3.3\spring-data-commons-3.3.3.jar;C:\Users\jtosc\.m2\repository\org\springframework\spring-orm\6.1.12\spring-orm-6.1.12.jar;C:\Users\jtosc\.m2\repository\org\springframework\spring-tx\6.1.12\spring-tx-6.1.12.jar;C:\Users\jtosc\.m2\repository\org\slf4j\slf4j-api\2.0.16\slf4j-api-2.0.16.jar;C:\Users\jtosc\.m2\repository\org\springframework\spring-aspects\6.1.12\spring-aspects-6.1.12.jar;C:\Users\jtosc\.m2\repository\org\postgresql\postgresql\42.7.2\postgresql-42.7.2.jar;C:\Users\jtosc\.m2\repository\org\checkerframework\checker-qual\3.42.0\checker-qual-3.42.0.jar;C:\Users\jtosc\.m2\repository\org\springframework\boot\spring-boot-starter-test\3.3.3\spring-boot-starter-test-3.3.3.jar;C:\Users\jtosc\.m2\repository\org\springframework\boot\spring-boot-test\3.3.3\spring-boot-test-3.3.3.jar;C:\Users\jtosc\.m2\repository\org\springframework\boot\spring-boot-test-autoconfigure\3.3.3\spring-boot-test-autoconfigure-3.3.3.jar;C:\Users\jtosc\.m2\repository\com\jayway\jsonpath\json-path\2.9.0\json-path-2.9.0.jar;C:\Users\jtosc\.m2\repository\jakarta\xml\bind\jakarta.xml.bind-api\4.0.2\jakarta.xml.bind-api-4.0.2.jar;C:\Users\jtosc\.m2\repository\jakarta\activation\jakarta.activation-api\2.1.3\jakarta.activation-api-2.1.3.jar;C:\Users\jtosc\.m2\repository\net\minidev\json-smart\2.5.1\json-smart-2.5.1.jar;C:\Users\jtosc\.m2\repository\net\minidev\accessors-smart\2.5.1\accessors-smart-2.5.1.jar;C:\Users\jtosc\.m2\repository\org\ow2\asm\asm\9.6\asm-9.6.jar;C:\Users\jtosc\.m2\repository\org\assertj\assertj-core\3.25.3\assertj-core-3.25.3.jar;C:\Users\jtosc\.m2\repository\org\awaitility\awaitility\4.2.2\awaitility-4.2.2.jar;C:\Users\jtosc\.m2\repository\org\hamcrest\hamcrest\2.2\hamcrest-2.2.jar;C:\Users\jtosc\.m2\repository\org\junit\jupiter\junit-jupiter\5.10.3\junit-jupiter-5.10.3.jar;C:\Users\jtosc\.m2\repository\org\junit\jupiter\junit-jupiter-api\5.10.3\junit-jupiter-api-5.10.3.jar;C:\Users\jtosc\.m2\repository\org\opentest4j\opentest4j\1.3.0\opentest4j-1.3.0.jar;C:\Users\jtosc\.m2\repository\org\junit\platform\junit-platform-commons\1.10.3\junit-platform-commons-1.10.3.jar;C:\Users\jtosc\.m2\repository\org\apiguardian\apiguardian-api\1.1.2\apiguardian-api-1.1.2.jar;C:\Users\jtosc\.m2\repository\org\junit\jupiter\junit-jupiter-params\5.10.3\junit-jupiter-params-5.10.3.jar;C:\Users\jtosc\.m2\repository\org\junit\jupiter\junit-jupiter-engine\5.10.3\junit-jupiter-engine-5.10.3.jar;C:\Users\jtosc\.m2\repository\org\junit\platform\junit-platform-engine\1.10.3\junit-platform-engine-1.10.3.jar;C:\Users\jtosc\.m2\repository\org\mockito\mockito-core\5.11.0\mockito-core-5.11.0.jar;C:\Users\jtosc\.m2\repository\net\bytebuddy\byte-buddy-agent\1.14.19\byte-buddy-agent-1.14.19.jar;C:\Users\jtosc\.m2\repository\org\objenesis\objenesis\3.3\objenesis-3.3.jar;C:\Users\jtosc\.m2\repository\org\mockito\mockito-junit-jupiter\5.11.0\mockito-junit-jupiter-5.11.0.jar;C:\Users\jtosc\.m2\repository\org\skyscreamer\jsonassert\1.5.3\jsonassert-1.5.3.jar;C:\Users\jtosc\.m2\repository\com\vaadin\external\google\android-json\0.0.20131108.vaadin1\android-json-0.0.20131108.vaadin1.jar;C:\Users\jtosc\.m2\repository\org\springframework\spring-core\6.1.12\spring-core-6.1.12.jar;C:\Users\jtosc\.m2\repository\org\springframework\spring-jcl\6.1.12\spring-jcl-6.1.12.jar;C:\Users\jtosc\.m2\repository\org\springframework\spring-test\6.1.12\spring-test-6.1.12.jar;C:\Users\jtosc\.m2\repository\org\xmlunit\xmlunit-core\2.9.1\xmlunit-core-2.9.1.jar;"/>
    <property name="sun.cpu.endian" value="little"/>
    <property name="user.home" value="C:\Users\jtosc"/>
    <property name="user.language" value="pt"/>
    <property name="java.specification.vendor" value="Oracle Corporation"/>
    <property name="java.version.date" value="2024-07-16"/>
    <property name="java.home" value="C:\Program Files\Java\jdk-17"/>
    <property name="file.separator" value="\"/>
    <property name="basedir" value="C:\Users\jtosc\OneDrive\Documentos\Faculdade\4º Período\InovaEmpresa"/>
    <property name="java.vm.compressedOopsMode" value="Zero based"/>
    <property name="line.separator" value="&#10;"/>
    <property name="java.vm.specification.vendor" value="Oracle Corporation"/>
    <property name="java.specification.name" value="Java Platform API Specification"/>
    <property name="FILE_LOG_CHARSET" value="windows-1252"/>
    <property name="java.awt.headless" value="true"/>
    <property name="surefire.real.class.path" value="C:\Users\jtosc\AppData\Local\Temp\surefire12617217898954625518\surefirebooter-20240915233702394_3.jar"/>
    <property name="user.script" value=""/>
    <property name="sun.management.compiler" value="HotSpot 64-Bit Tiered Compilers"/>
    <property name="java.runtime.version" value="17.0.12+8-LTS-286"/>
    <property name="user.name" value="jtosc"/>
    <property name="path.separator" value=";"/>
    <property name="os.version" value="10.0"/>
    <property name="java.runtime.name" value="Java(TM) SE Runtime Environment"/>
    <property name="file.encoding" value="Cp1252"/>
    <property name="java.vm.name" value="Java HotSpot(TM) 64-Bit Server VM"/>
    <property name="localRepository" value="C:\Users\jtosc\.m2\repository"/>
    <property name="java.vendor.url.bug" value="https://bugreport.java.com/bugreport/"/>
    <property name="java.io.tmpdir" value="C:\Users\jtosc\AppData\Local\Temp\"/>
    <property name="com.zaxxer.hikari.pool_number" value="1"/>
    <property name="java.version" value="17.0.12"/>
    <property name="user.dir" value="C:\Users\jtosc\OneDrive\Documentos\Faculdade\4º Período\InovaEmpresa"/>
    <property name="os.arch" value="amd64"/>
    <property name="java.vm.specification.name" value="Java Virtual Machine Specification"/>
    <property name="PID" value="20356"/>
    <property name="sun.os.patch.level" value=""/>
    <property name="CONSOLE_LOG_CHARSET" value="windows-1252"/>
    <property name="native.encoding" value="Cp1252"/>
    <property name="java.library.path" value="C:\Program Files\Java\jdk-17\bin;C:\WINDOWS\Sun\Java\bin;C:\WINDOWS\system32;C:\WINDOWS;C:\Program Files\Common Files\Oracle\Java\javapath;C:\Program Files (x86)\Common Files\Oracle\Java\java8path;C:\Program Files (x86)\Common Files\Oracle\Java\javapath;C:\WINDOWS\system32;C:\WINDOWS;C:\WINDOWS\System32\Wbem;C:\WINDOWS\System32\WindowsPowerShell\v1.0\;C:\WINDOWS\System32\OpenSSH\;C:\Program Files\dotnet\;C:\Program Files\NVIDIA Corporation\NVIDIA NvDLISR;C:\Program Files (x86)\NVIDIA Corporation\PhysX\Common;C:\Program Files\nodejs\;C:\Program Files\Git\cmd;C:\Users\jtosc\AppData\Local\Microsoft\WindowsApps;C:\Users\jtosc\AppData\Local\Programs\Microsoft VS Code\bin;C:\Users\jtosc\AppData\Roaming\npm;C:\Users\jtosc\AppData\Local\GitHubDesktop\bin;C:\Users\jtosc\OneDrive\Documentos\apache-maven-3.9.9\bin;;."/>
    <property name="java.vm.info" value="mixed mode, sharing"/>
    <property name="java.vendor" value="Oracle Corporation"/>
    <property name="java.vm.version" value="17.0.12+8-LTS-286"/>
    <property name="sun.io.unicode.encoding" value="UnicodeLittle"/>
    <property name="java.class.version" value="61.0"/>
    <property name="LOGGED_APPLICATION_NAME" value="[InovaEmpresa] "/>
  </properties>
  <testcase name="contextLoads" classname="com.Atividade.InovaEmpresa.InovaEmpresaApplicationTests" time="0.459">
    <system-out><![CDATA[23:37:03.344 [main] INFO org.springframework.test.context.support.AnnotationConfigContextLoaderUtils -- Could not detect default configuration classes for test class [com.Atividade.InovaEmpresa.InovaEmpresaApplicationTests]: InovaEmpresaApplicationTests does not declare any static, non-private, non-final, nested classes annotated with @Configuration.
23:37:03.466 [main] INFO org.springframework.boot.test.context.SpringBootTestContextBootstrapper -- Found @SpringBootConfiguration com.Atividade.InovaEmpresa.InovaEmpresaApplication for test class com.Atividade.InovaEmpresa.InovaEmpresaApplicationTests

  .   ____          _            __ _ _
 /\\ / ___'_ __ _ _(_)_ __  __ _ \ \ \ \
( ( )\___ | '_ | '_| | '_ \/ _` | \ \ \ \
 \\/  ___)| |_)| | | | | || (_| |  ) ) ) )
  '  |____| .__|_| |_|_| |_\__, | / / / /
 =========|_|==============|___/=/_/_/_/

 :: Spring Boot ::                (v3.3.3)

2024-09-15T23:37:03.874-03:00  INFO 20356 --- [InovaEmpresa] [           main] c.A.I.InovaEmpresaApplicationTests       : Starting InovaEmpresaApplicationTests using Java 17.0.12 with PID 20356 (started by jtosc in C:\Users\jtosc\OneDrive\Documentos\Faculdade\4º Período\InovaEmpresa)
2024-09-15T23:37:03.875-03:00  INFO 20356 --- [InovaEmpresa] [           main] c.A.I.InovaEmpresaApplicationTests       : No active profile set, falling back to 1 default profile: "default"
2024-09-15T23:37:04.630-03:00  INFO 20356 --- [InovaEmpresa] [           main] .s.d.r.c.RepositoryConfigurationDelegate : Bootstrapping Spring Data JPA repositories in DEFAULT mode.
2024-09-15T23:37:04.713-03:00  INFO 20356 --- [InovaEmpresa] [           main] .s.d.r.c.RepositoryConfigurationDelegate : Finished Spring Data repository scanning in 73 ms. Found 5 JPA repository interfaces.
2024-09-15T23:37:05.224-03:00  INFO 20356 --- [InovaEmpresa] [           main] o.hibernate.jpa.internal.util.LogHelper  : HHH000204: Processing PersistenceUnitInfo [name: default]
2024-09-15T23:37:05.307-03:00  INFO 20356 --- [InovaEmpresa] [           main] org.hibernate.Version                    : HHH000412: Hibernate ORM core version 6.5.2.Final
2024-09-15T23:37:05.355-03:00  INFO 20356 --- [InovaEmpresa] [           main] o.h.c.internal.RegionFactoryInitiator    : HHH000026: Second-level cache disabled
2024-09-15T23:37:05.817-03:00  INFO 20356 --- [InovaEmpresa] [           main] o.s.o.j.p.SpringPersistenceUnitInfo      : No LoadTimeWeaver setup: ignoring JPA class transformer
2024-09-15T23:37:05.852-03:00  INFO 20356 --- [InovaEmpresa] [           main] com.zaxxer.hikari.HikariDataSource       : HikariPool-1 - Starting...
2024-09-15T23:37:06.171-03:00  INFO 20356 --- [InovaEmpresa] [           main] com.zaxxer.hikari.pool.HikariPool        : HikariPool-1 - Added connection org.postgresql.jdbc.PgConnection@1d6713dd
2024-09-15T23:37:06.174-03:00  INFO 20356 --- [InovaEmpresa] [           main] com.zaxxer.hikari.HikariDataSource       : HikariPool-1 - Start completed.
2024-09-15T23:37:06.215-03:00  WARN 20356 --- [InovaEmpresa] [           main] org.hibernate.orm.deprecation            : HHH90000025: PostgreSQLDialect does not need to be specified explicitly using 'hibernate.dialect' (remove the property setting and it will be selected by default)
2024-09-15T23:37:07.405-03:00  INFO 20356 --- [InovaEmpresa] [           main] o.h.e.t.j.p.i.JtaPlatformInitiator       : HHH000489: No JTA platform available (set 'hibernate.transaction.jta.platform' to enable JTA platform integration)
Hibernate: alter table if exists avaliacao_jurado_usuario drop constraint if exists FKkl3ta3ggimnasa0upklqw5e8x
2024-09-15T23:37:07.425-03:00  WARN 20356 --- [InovaEmpresa] [           main] o.h.engine.jdbc.spi.SqlExceptionHelper   : SQL Warning Code: 0, SQLState: 00000
2024-09-15T23:37:07.425-03:00  WARN 20356 --- [InovaEmpresa] [           main] o.h.engine.jdbc.spi.SqlExceptionHelper   : relação "avaliacao_jurado_usuario" não existe, ignorando
Hibernate: alter table if exists avaliacao_jurado_usuario drop constraint if exists FK3583xgc0cc8av2n71h32of2hs
2024-09-15T23:37:07.426-03:00  WARN 20356 --- [InovaEmpresa] [           main] o.h.engine.jdbc.spi.SqlExceptionHelper   : SQL Warning Code: 0, SQLState: 00000
2024-09-15T23:37:07.426-03:00  WARN 20356 --- [InovaEmpresa] [           main] o.h.engine.jdbc.spi.SqlExceptionHelper   : relação "avaliacao_jurado_usuario" não existe, ignorando
Hibernate: alter table if exists avaliacao_popular drop constraint if exists FKe5tp4m7ghjlw5usywnt60iq9e
2024-09-15T23:37:07.426-03:00  WARN 20356 --- [InovaEmpresa] [           main] o.h.engine.jdbc.spi.SqlExceptionHelper   : SQL Warning Code: 0, SQLState: 00000
2024-09-15T23:37:07.426-03:00  WARN 20356 --- [InovaEmpresa] [           main] o.h.engine.jdbc.spi.SqlExceptionHelper   : relação "avaliacao_popular" não existe, ignorando
Hibernate: alter table if exists avaliacao_popular drop constraint if exists FKsqet6k1jkwpfnnxrtdfpeyx3q
2024-09-15T23:37:07.426-03:00  WARN 20356 --- [InovaEmpresa] [           main] o.h.engine.jdbc.spi.SqlExceptionHelper   : SQL Warning Code: 0, SQLState: 00000
2024-09-15T23:37:07.426-03:00  WARN 20356 --- [InovaEmpresa] [           main] o.h.engine.jdbc.spi.SqlExceptionHelper   : relação "avaliacao_popular" não existe, ignorando
Hibernate: alter table if exists avaliacao_popular drop constraint if exists FK7isa6sof1drpxp2auif0h6e96
2024-09-15T23:37:07.427-03:00  WARN 20356 --- [InovaEmpresa] [           main] o.h.engine.jdbc.spi.SqlExceptionHelper   : SQL Warning Code: 0, SQLState: 00000
2024-09-15T23:37:07.427-03:00  WARN 20356 --- [InovaEmpresa] [           main] o.h.engine.jdbc.spi.SqlExceptionHelper   : relação "avaliacao_popular" não existe, ignorando
Hibernate: alter table if exists avaliacao_jurado drop constraint if exists FKgrxex4xkquwn5csmbxk8mumec
2024-09-15T23:37:07.428-03:00  WARN 20356 --- [InovaEmpresa] [           main] o.h.engine.jdbc.spi.SqlExceptionHelper   : SQL Warning Code: 0, SQLState: 00000
2024-09-15T23:37:07.428-03:00  WARN 20356 --- [InovaEmpresa] [           main] o.h.engine.jdbc.spi.SqlExceptionHelper   : relação "avaliacao_jurado" não existe, ignorando
Hibernate: alter table if exists ideia drop constraint if exists FK56ufknclhnuiptwrisj91o6oe
2024-09-15T23:37:07.428-03:00  WARN 20356 --- [InovaEmpresa] [           main] o.h.engine.jdbc.spi.SqlExceptionHelper   : SQL Warning Code: 0, SQLState: 00000
2024-09-15T23:37:07.428-03:00  WARN 20356 --- [InovaEmpresa] [           main] o.h.engine.jdbc.spi.SqlExceptionHelper   : relação "ideia" não existe, ignorando
Hibernate: alter table if exists ideia_avaliacao_popular drop constraint if exists FKeq85wmqv32fntp8ejb0q1e8et
2024-09-15T23:37:07.428-03:00  WARN 20356 --- [InovaEmpresa] [           main] o.h.engine.jdbc.spi.SqlExceptionHelper   : SQL Warning Code: 0, SQLState: 00000
2024-09-15T23:37:07.428-03:00  WARN 20356 --- [InovaEmpresa] [           main] o.h.engine.jdbc.spi.SqlExceptionHelper   : relação "ideia_avaliacao_popular" não existe, ignorando
Hibernate: alter table if exists ideia_avaliacao_popular drop constraint if exists FK5qpsr4k7ctxsevossn0ulnkmw
2024-09-15T23:37:07.429-03:00  WARN 20356 --- [InovaEmpresa] [           main] o.h.engine.jdbc.spi.SqlExceptionHelper   : SQL Warning Code: 0, SQLState: 00000
2024-09-15T23:37:07.429-03:00  WARN 20356 --- [InovaEmpresa] [           main] o.h.engine.jdbc.spi.SqlExceptionHelper   : relação "ideia_avaliacao_popular" não existe, ignorando
Hibernate: alter table if exists ideia_usuario drop constraint if exists FKr4wyf8ufhqdjf3ih5v85sj84o
2024-09-15T23:37:07.429-03:00  WARN 20356 --- [InovaEmpresa] [           main] o.h.engine.jdbc.spi.SqlExceptionHelper   : SQL Warning Code: 0, SQLState: 00000
2024-09-15T23:37:07.429-03:00  WARN 20356 --- [InovaEmpresa] [           main] o.h.engine.jdbc.spi.SqlExceptionHelper   : relação "ideia_usuario" não existe, ignorando
Hibernate: alter table if exists ideia_usuario drop constraint if exists FKrfq33oy4v0h543u1l1ucuwqy0
2024-09-15T23:37:07.430-03:00  WARN 20356 --- [InovaEmpresa] [           main] o.h.engine.jdbc.spi.SqlExceptionHelper   : SQL Warning Code: 0, SQLState: 00000
2024-09-15T23:37:07.430-03:00  WARN 20356 --- [InovaEmpresa] [           main] o.h.engine.jdbc.spi.SqlExceptionHelper   : relação "ideia_usuario" não existe, ignorando
Hibernate: alter table if exists usuario_evento drop constraint if exists FK8x76e33rsidpp4bishwdd04lh
2024-09-15T23:37:07.430-03:00  WARN 20356 --- [InovaEmpresa] [           main] o.h.engine.jdbc.spi.SqlExceptionHelper   : SQL Warning Code: 0, SQLState: 00000
2024-09-15T23:37:07.430-03:00  WARN 20356 --- [InovaEmpresa] [           main] o.h.engine.jdbc.spi.SqlExceptionHelper   : relação "usuario_evento" não existe, ignorando
Hibernate: alter table if exists usuario_evento drop constraint if exists FKgsiny8oonbc82c44qsnd29nm8
2024-09-15T23:37:07.431-03:00  WARN 20356 --- [InovaEmpresa] [           main] o.h.engine.jdbc.spi.SqlExceptionHelper   : SQL Warning Code: 0, SQLState: 00000
2024-09-15T23:37:07.431-03:00  WARN 20356 --- [InovaEmpresa] [           main] o.h.engine.jdbc.spi.SqlExceptionHelper   : relação "usuario_evento" não existe, ignorando
Hibernate: drop table if exists avaliacao_jurado_usuario cascade
2024-09-15T23:37:07.431-03:00  WARN 20356 --- [InovaEmpresa] [           main] o.h.engine.jdbc.spi.SqlExceptionHelper   : SQL Warning Code: 0, SQLState: 00000
2024-09-15T23:37:07.431-03:00  WARN 20356 --- [InovaEmpresa] [           main] o.h.engine.jdbc.spi.SqlExceptionHelper   : tabela "avaliacao_jurado_usuario" não existe, ignorando
Hibernate: drop table if exists avaliacao_popular cascade
2024-09-15T23:37:07.432-03:00  WARN 20356 --- [InovaEmpresa] [           main] o.h.engine.jdbc.spi.SqlExceptionHelper   : SQL Warning Code: 0, SQLState: 00000
2024-09-15T23:37:07.432-03:00  WARN 20356 --- [InovaEmpresa] [           main] o.h.engine.jdbc.spi.SqlExceptionHelper   : tabela "avaliacao_popular" não existe, ignorando
Hibernate: drop table if exists avaliacao_jurado cascade
2024-09-15T23:37:07.432-03:00  WARN 20356 --- [InovaEmpresa] [           main] o.h.engine.jdbc.spi.SqlExceptionHelper   : SQL Warning Code: 0, SQLState: 00000
2024-09-15T23:37:07.432-03:00  WARN 20356 --- [InovaEmpresa] [           main] o.h.engine.jdbc.spi.SqlExceptionHelper   : tabela "avaliacao_jurado" não existe, ignorando
Hibernate: drop table if exists evento cascade
2024-09-15T23:37:07.433-03:00  WARN 20356 --- [InovaEmpresa] [           main] o.h.engine.jdbc.spi.SqlExceptionHelper   : SQL Warning Code: 0, SQLState: 00000
2024-09-15T23:37:07.433-03:00  WARN 20356 --- [InovaEmpresa] [           main] o.h.engine.jdbc.spi.SqlExceptionHelper   : tabela "evento" não existe, ignorando
Hibernate: drop table if exists ideia cascade
2024-09-15T23:37:07.433-03:00  WARN 20356 --- [InovaEmpresa] [           main] o.h.engine.jdbc.spi.SqlExceptionHelper   : SQL Warning Code: 0, SQLState: 00000
2024-09-15T23:37:07.433-03:00  WARN 20356 --- [InovaEmpresa] [           main] o.h.engine.jdbc.spi.SqlExceptionHelper   : tabela "ideia" não existe, ignorando
Hibernate: drop table if exists ideia_avaliacao_popular cascade
2024-09-15T23:37:07.433-03:00  WARN 20356 --- [InovaEmpresa] [           main] o.h.engine.jdbc.spi.SqlExceptionHelper   : SQL Warning Code: 0, SQLState: 00000
2024-09-15T23:37:07.434-03:00  WARN 20356 --- [InovaEmpresa] [           main] o.h.engine.jdbc.spi.SqlExceptionHelper   : tabela "ideia_avaliacao_popular" não existe, ignorando
Hibernate: drop table if exists ideia_usuario cascade
2024-09-15T23:37:07.434-03:00  WARN 20356 --- [InovaEmpresa] [           main] o.h.engine.jdbc.spi.SqlExceptionHelper   : SQL Warning Code: 0, SQLState: 00000
2024-09-15T23:37:07.434-03:00  WARN 20356 --- [InovaEmpresa] [           main] o.h.engine.jdbc.spi.SqlExceptionHelper   : tabela "ideia_usuario" não existe, ignorando
Hibernate: drop table if exists usuario cascade
2024-09-15T23:37:07.434-03:00  WARN 20356 --- [InovaEmpresa] [           main] o.h.engine.jdbc.spi.SqlExceptionHelper   : SQL Warning Code: 0, SQLState: 00000
2024-09-15T23:37:07.434-03:00  WARN 20356 --- [InovaEmpresa] [           main] o.h.engine.jdbc.spi.SqlExceptionHelper   : tabela "usuario" não existe, ignorando
Hibernate: drop table if exists usuario_evento cascade
2024-09-15T23:37:07.434-03:00  WARN 20356 --- [InovaEmpresa] [           main] o.h.engine.jdbc.spi.SqlExceptionHelper   : SQL Warning Code: 0, SQLState: 00000
2024-09-15T23:37:07.434-03:00  WARN 20356 --- [InovaEmpresa] [           main] o.h.engine.jdbc.spi.SqlExceptionHelper   : tabela "usuario_evento" não existe, ignorando
Hibernate: create table avaliacao_jurado_usuario (avaliacao_jurado_id bigint not null, usuario_id bigint not null)
Hibernate: create table avaliacao_popular (evento_id bigint, id bigint generated by default as identity, ideia_id bigint, usuario_id bigint, primary key (id))
Hibernate: create table avaliacao_jurado (nota float(53) not null, id bigint generated by default as identity, ideia_id bigint, primary key (id))
Hibernate: create table evento (data_avaliacao_jurado timestamp(6) with time zone not null, data_avaliacao_popular timestamp(6) with time zone not null, data_fim timestamp(6) with time zone not null, data_inicio timestamp(6) with time zone not null, id bigint generated by default as identity, descricao varchar(255) not null, nome varchar(255) not null, primary key (id))
Hibernate: create table ideia (custo float(53) not null, evento_id bigint, id bigint generated by default as identity, descricao varchar(1000) not null, impacto varchar(255) not null, nome varchar(255) not null, primary key (id))
Hibernate: create table ideia_avaliacao_popular (avaliacao_popular_id bigint not null, ideia_id bigint not null)
Hibernate: create table ideia_usuario (ideia_id bigint not null, usuario_id bigint not null)
Hibernate: create table usuario (fl_ideia boolean not null, id bigint generated by default as identity, email varchar(255), nome varchar(255) not null, role varchar(255) check (role in ('ADMIN','COLABORADOR','JURADO')), primary key (id))
Hibernate: create table usuario_evento (evento_id bigint not null, usuario_id bigint not null)
Hibernate: alter table if exists avaliacao_jurado_usuario add constraint FKkl3ta3ggimnasa0upklqw5e8x foreign key (usuario_id) references usuario
Hibernate: alter table if exists avaliacao_jurado_usuario add constraint FK3583xgc0cc8av2n71h32of2hs foreign key (avaliacao_jurado_id) references avaliacao_jurado
Hibernate: alter table if exists avaliacao_popular add constraint FKe5tp4m7ghjlw5usywnt60iq9e foreign key (evento_id) references evento
Hibernate: alter table if exists avaliacao_popular add constraint FKsqet6k1jkwpfnnxrtdfpeyx3q foreign key (ideia_id) references ideia
Hibernate: alter table if exists avaliacao_popular add constraint FK7isa6sof1drpxp2auif0h6e96 foreign key (usuario_id) references usuario
Hibernate: alter table if exists avaliacao_jurado add constraint FKgrxex4xkquwn5csmbxk8mumec foreign key (ideia_id) references ideia
Hibernate: alter table if exists ideia add constraint FK56ufknclhnuiptwrisj91o6oe foreign key (evento_id) references evento
Hibernate: alter table if exists ideia_avaliacao_popular add constraint FKeq85wmqv32fntp8ejb0q1e8et foreign key (avaliacao_popular_id) references avaliacao_popular
Hibernate: alter table if exists ideia_avaliacao_popular add constraint FK5qpsr4k7ctxsevossn0ulnkmw foreign key (ideia_id) references ideia
Hibernate: alter table if exists ideia_usuario add constraint FKr4wyf8ufhqdjf3ih5v85sj84o foreign key (usuario_id) references usuario
Hibernate: alter table if exists ideia_usuario add constraint FKrfq33oy4v0h543u1l1ucuwqy0 foreign key (ideia_id) references ideia
Hibernate: alter table if exists usuario_evento add constraint FK8x76e33rsidpp4bishwdd04lh foreign key (evento_id) references evento
Hibernate: alter table if exists usuario_evento add constraint FKgsiny8oonbc82c44qsnd29nm8 foreign key (usuario_id) references usuario
2024-09-15T23:37:07.501-03:00  INFO 20356 --- [InovaEmpresa] [           main] j.LocalContainerEntityManagerFactoryBean : Initialized JPA EntityManagerFactory for persistence unit 'default'
2024-09-15T23:37:07.861-03:00  INFO 20356 --- [InovaEmpresa] [           main] o.s.d.j.r.query.QueryEnhancerFactory     : Hibernate is in classpath; If applicable, HQL parser will be used.
2024-09-15T23:37:08.193-03:00  WARN 20356 --- [InovaEmpresa] [           main] JpaBaseConfiguration$JpaWebConfiguration : spring.jpa.open-in-view is enabled by default. Therefore, database queries may be performed during view rendering. Explicitly configure spring.jpa.open-in-view to disable this warning
2024-09-15T23:37:08.663-03:00  INFO 20356 --- [InovaEmpresa] [           main] c.A.I.InovaEmpresaApplicationTests       : Started InovaEmpresaApplicationTests in 5.034 seconds (process running for 6.161)
]]></system-out>
  </testcase>
</testsuite>